{"level":"error","message":"POST /product1 - Not Found-Mon Dec 29 2025 14:49:56 GMT+0700 (Indochina Time)"}
{"level":"error","message":"GET /categor1y?status=active - Not Found-Thu Jan 08 2026 13:46:03 GMT+0700 (Indochina Time)"}
{"level":"error","message":"GET /categor1y?status=active - Not Found-Thu Jan 08 2026 13:47:37 GMT+0700 (Indochina Time)"}
{"level":"error","message":"POST /login1 - Not Found-Thu Jan 08 2026 13:51:10 GMT+0700 (Indochina Time)"}
{"level":"error","message":"POST /category - E11000 duplicate key error collection: shop.categories index: slug_1 dup key: { slug: \"cat12-abcd-123\" }-Thu Jan 08 2026 14:19:30 GMT+0700 (Indochina Time)"}
{"level":"error","message":"POST /category - E11000 duplicate key error collection: shop.categories index: slug_1 dup key: { slug: \"cat12-abcd-124\" }-Thu Jan 08 2026 14:27:05 GMT+0700 (Indochina Time)"}
{"level":"error","message":"POST /chat?message=hello - Not Found-Thu Jan 08 2026 14:54:40 GMT+0700 (Indochina Time)"}
{"level":"error","message":"GET /me - Not Found-Thu Jan 29 2026 13:12:19 GMT+0700 (Indochina Time)"}
{"level":"error","message":"GET /me - Not Found-Thu Jan 29 2026 13:12:57 GMT+0700 (Indochina Time)"}
{"level":"error","message":"GET /me - Not Found-Thu Jan 29 2026 13:14:22 GMT+0700 (Indochina Time)"}
{"level":"error","message":"GET /me - không tìm thấy dữ liệu của bạn-Thu Jan 29 2026 13:15:16 GMT+0700 (Indochina Time)"}
{"level":"error","message":"GET /me - không tìm thấy dữ liệu của bạn-Thu Jan 29 2026 13:15:23 GMT+0700 (Indochina Time)"}
{"level":"error","message":"POST /register - Email đã tồn tại-Thu Jan 29 2026 13:18:36 GMT+0700 (Indochina Time)"}
{"level":"error","message":"POST /register - Email đã tồn tại-Thu Jan 29 2026 13:19:10 GMT+0700 (Indochina Time)"}
{"level":"error","message":"POST /register - data and salt arguments required-Thu Jan 29 2026 13:19:21 GMT+0700 (Indochina Time)"}
{"level":"error","message":"POST /register - Email và mật khẩu là bắt buộc-Thu Jan 29 2026 13:22:51 GMT+0700 (Indochina Time)"}
{"level":"error","message":"POST /register - Email và mật khẩu là bắt buộc-Thu Jan 29 2026 13:23:02 GMT+0700 (Indochina Time)"}
{"level":"error","message":"PUT /change-password - data and hash arguments required-Thu Jan 29 2026 13:30:42 GMT+0700 (Indochina Time)"}
{"level":"error","message":"PUT /change-password - data and hash arguments required-Thu Jan 29 2026 13:31:17 GMT+0700 (Indochina Time)"}
{"level":"error","message":"PUT /change-password - data and hash arguments required-Thu Jan 29 2026 13:36:05 GMT+0700 (Indochina Time)"}
{"level":"error","message":"PUT /change-password - data and hash arguments required-Thu Jan 29 2026 13:36:57 GMT+0700 (Indochina Time)"}
{"level":"error","message":"PUT /change-password - data and hash arguments required-Thu Jan 29 2026 13:37:50 GMT+0700 (Indochina Time)"}
{"level":"error","message":"PUT /change-password - data and hash arguments required-Thu Jan 29 2026 13:40:04 GMT+0700 (Indochina Time)"}
{"level":"error","message":"GET /me - Cannot read properties of undefined (reading 'select')-Thu Jan 29 2026 13:46:55 GMT+0700 (Indochina Time)"}
{"level":"error","message":"GET /me - undefined is not iterable (cannot read property Symbol(Symbol.iterator))-Thu Jan 29 2026 13:47:48 GMT+0700 (Indochina Time)"}
{"level":"error","message":"GET /me - không tìm thấy dữ liệu của bạn-Thu Jan 29 2026 13:48:56 GMT+0700 (Indochina Time)"}
{"level":"error","message":"POST /login - Mật khẩu không đúng-Thu Jan 29 2026 13:57:04 GMT+0700 (Indochina Time)"}
{"level":"error","message":"PUT /user/697afcd1d523250f8e2b7221 - id không tìm thấy-Thu Jan 29 2026 14:16:42 GMT+0700 (Indochina Time)"}
{"level":"error","message":"PUT /user/697afcd1d523250f8e2b7221 - id không tìm thấy-Thu Jan 29 2026 14:17:59 GMT+0700 (Indochina Time)"}
{"level":"error","message":"PUT /user/697afcd1d523250f8e2b7221 - groupUserService is not defined-Thu Jan 29 2026 14:42:05 GMT+0700 (Indochina Time)"}
{"level":"error","message":"PUT /user/697afcd1d523250f8e2b7221 - Bạn không có quyền thay đổi group user-Thu Jan 29 2026 14:44:05 GMT+0700 (Indochina Time)"}
